<?xml version="1.0" encoding="UTF-8"?>
<!-- Generated by org.testng.reporters.JUnitXMLReporter -->
<testsuite hostname="Rajiv-PC" name="Test" tests="1" failures="0" timestamp="14 Sep 2020 18:01:18 GMT" time="0.016" errors="0">
  <testcase name="@BeforeSuite setup" time="0.0" classname="com.w2a.testcases.LoginTest">
    <failure type="java.lang.NullPointerException">
      <![CDATA[java.lang.NullPointerException
	at com.w2a.base.TestBase.setup(TestBase.java:54)
... Removed 19 stack frames]]>
    </failure>
  </testcase> <!-- @BeforeSuite setup -->
  <testcase name="loginAsBankManager" time="0.0" classname="com.w2a.testcases.LoginTest">
    <skipped/>
  </testcase> <!-- loginAsBankManager -->
</testsuite> <!-- Test -->
