<?xml version="1.0" encoding="UTF-8"?>
<!-- Generated by org.testng.reporters.JUnitXMLReporter -->
<testsuite hostname="Rajiv-PC" name="Add Customer Test" tests="2" failures="1" timestamp="18 Sep 2020 19:17:29 GMT" time="9.326" errors="0">
  <testcase name="addCustomer" time="9.309" classname="com.w2a.testcases.AddCustomerTest"/>
  <testcase name="addCustomer" time="9.324" classname="com.w2a.testcases.AddCustomerTest">
    <failure type="java.lang.AbstractMethodError">
      <![CDATA[java.lang.AbstractMethodError
... Removed 22 stack frames]]>
    </failure>
  </testcase> <!-- addCustomer -->
</testsuite> <!-- Add Customer Test -->
