<?xml version="1.0" encoding="UTF-8"?>
<!-- Generated by org.testng.reporters.JUnitXMLReporter -->
<testsuite hostname="Rajiv-PC" name="BankManagerLoginTest" tests="2" failures="1" timestamp="18 Sep 2020 19:17:20 GMT" time="2.129" errors="0">
  <testcase name="loginAsBankManager" time="2.115" classname="com.w2a.testcases.BankManagerLoginTest"/>
  <testcase name="loginAsBankManager" time="2.12" classname="com.w2a.testcases.BankManagerLoginTest">
    <failure type="java.lang.AbstractMethodError">
      <![CDATA[java.lang.AbstractMethodError
... Removed 22 stack frames]]>
    </failure>
  </testcase> <!-- loginAsBankManager -->
</testsuite> <!-- BankManagerLoginTest -->
